{"level":"info","message":"Telegraph is listening on port 3000"}
{"level":"info","message":"emitting get:index"}
{"level":"info","message":"Telegraph is listening on port 3000"}
{"level":"info","message":"emitting get:index"}
{"level":"info","message":"emitting get:/backbone-server/backbone.js"}
{"level":"info","message":"emitting get:index"}
{"level":"info","message":"emitting get:/socket.io/socket.io.js"}
{"level":"info","message":"emitting get:index"}
{"level":"info","message":"emitting get:/socket.io/socket.io.js"}
{"level":"info","message":"Twittermap is listening on port 3000"}
{"level":"info","message":"emitting get:index"}
{"level":"info","message":"emitting get:index"}
{"level":"info","message":"emitting get:index"}
{"level":"info","message":"emitting get:index"}
{"level":"info","message":"emitting get:index"}
{"level":"info","message":"emitting get:index"}
{"level":"info","message":"emitting get:index"}
{"level":"info","message":"emitting get:index"}
{"level":"info","message":"Twittermap is listening on port 3000"}
{"level":"info","message":"emitting get:index"}
{"level":"info","message":"Twittermap is listening on port 3000"}
{"level":"info","message":"Twittermap is listening on port 3000"}
{"level":"info","message":"Twittermap is listening on port 3000"}
{"level":"info","message":"emitting get:index"}
{"level":"info","message":"Twittermap is listening on port 3000"}
{"level":"info","message":"Twittermap is listening on port 3000"}
{"level":"info","message":"Twittermap is listening on port 3000"}
{"level":"info","message":"Twittermap is listening on port 3000"}
{"level":"info","message":"Twittermap is listening on port 3000"}
{"level":"info","message":"Twittermap is listening on port 3000"}
{"level":"info","message":"Twittermap is listening on port 3000"}
{"level":"info","message":"Twittermap is listening on port 3000"}
{"level":"info","message":"Twittermap is listening on port 3000"}
{"level":"info","message":"Twittermap is listening on port 3000"}
{"level":"info","message":"Twittermap is listening on port 3000"}
{"level":"info","message":"emitting get:index"}
{"level":"info","message":"emitting get:/images/sad.png"}
{"level":"info","message":"emitting get:index"}
{"level":"info","message":"emitting get:/images/sad.png"}
{"level":"info","message":"emitting get:index"}
{"level":"info","message":"emitting get:index"}
{"level":"info","message":"emitting get:index"}
{"level":"info","message":"Twittermap is listening on port 3000"}
{"level":"info","message":"emitting get:index"}
{"level":"info","message":"Twittermap is listening on port 3000"}
{"level":"info","message":"Twittermap is listening on port 3000"}
{"level":"info","message":"emitting get:index"}
{"level":"info","message":"Twittermap is listening on port 3000"}
{"level":"info","message":"emitting get:index"}
{"level":"info","message":"Twittermap is listening on port 3000"}
{"level":"info","message":"Twittermap is listening on port 3000"}
{"level":"info","message":"Twittermap is listening on port 3000"}
{"level":"info","message":"Twittermap is listening on port 3000"}
{"level":"info","message":"Twittermap is listening on port 3000"}
{"level":"info","message":"Twittermap is listening on port 3000"}
{"level":"info","message":"Twittermap is listening on port 3000"}
{"level":"info","message":"Twittermap is listening on port 3000"}
{"level":"info","message":"Twittermap is listening on port 3000"}
{"level":"info","message":"emitting get:index"}
{"level":"info","message":"Twittermap is listening on port 3000"}
{"level":"info","message":"Twittermap is listening on port 3000"}
{"level":"info","message":"Twittermap is listening on port 3000"}
{"level":"info","message":"Twittermap is listening on port 3000"}
{"level":"info","message":"Twittermap is listening on port 3000"}
{"level":"info","message":"Twittermap is listening on port 3000"}
{"level":"info","message":"emitting get:index"}
{"level":"info","message":"Twittermap is listening on port 3000"}
{"level":"info","message":"emitting get:index"}
{"level":"info","message":"Twittermap is listening on port 3000"}
{"level":"info","message":"Twittermap is listening on port 3000"}
{"level":"info","message":"Twittermap is listening on port 3000"}
{"level":"info","message":"emitting get:index"}
{"level":"info","message":"Twittermap is listening on port 3000"}
{"level":"info","message":"emitting get:index"}
{"level":"info","message":"Twittermap is listening on port 3000"}
{"level":"info","message":"emitting get:index"}
{"level":"info","message":"Twittermap is listening on port 3000"}
{"level":"info","message":"emitting get:index"}
{"level":"info","message":"Twittermap is listening on port 3000"}
{"level":"info","message":"emitting get:index"}
{"level":"info","message":"Twittermap is listening on port 3000"}
{"level":"info","message":"Twittermap is listening on port 3000"}
{"level":"info","message":"emitting get:index"}
{"level":"info","message":"emitting get:index"}
{"level":"info","message":"Twittermap is listening on port 3000"}
{"level":"info","message":"emitting get:index"}
{"level":"info","message":"Twittermap is listening on port 3000"}
{"level":"info","message":"emitting get:index"}
{"level":"info","message":"Twittermap is listening on port 3000"}
{"level":"info","message":"emitting get:index"}
{"level":"info","message":"Twittermap is listening on port 3000"}
{"level":"info","message":"emitting get:index"}
{"level":"info","message":"Twittermap is listening on port 3000"}
{"level":"info","message":"emitting get:index"}
{"level":"info","message":"Twittermap is listening on port 3000"}
{"level":"info","message":"emitting get:index"}
{"level":"info","message":"Twittermap is listening on port 3000"}
{"level":"info","message":"emitting get:index"}
{"level":"info","message":"Twittermap is listening on port 3000"}
{"level":"info","message":"Twittermap is listening on port 3000"}
{"level":"info","message":"emitting get:index"}
{"level":"info","message":"Twittermap is listening on port 3000"}
{"level":"info","message":"emitting get:index"}
{"level":"info","message":"emitting get:index"}
{"level":"info","message":"Twittermap is listening on port 3000"}
{"level":"info","message":"emitting get:index"}
{"level":"info","message":"Twittermap is listening on port 3000"}
{"level":"info","message":"Twittermap is listening on port 3000"}
{"level":"info","message":"Twittermap is listening on port 3000"}
{"level":"info","message":"Twittermap is listening on port 3000"}
{"level":"info","message":"Twittermap is listening on port 3000"}
{"level":"info","message":"emitting get:index"}
{"level":"info","message":"Twittermap is listening on port 3000"}
{"level":"info","message":"Twittermap is listening on port 3000"}
{"level":"info","message":"emitting get:index"}
{"level":"info","message":"Twittermap is listening on port 3000"}
{"level":"info","message":"Twittermap is listening on port 3000"}
{"level":"info","message":"Twittermap is listening on port 3000"}
{"level":"info","message":"emitting get:index"}
{"level":"info","message":"emitting get:/images/undefined.png"}
{"level":"info","message":"emitting get:index"}
{"level":"info","message":"emitting get:/images/undefined.png"}
{"level":"info","message":"emitting get:index"}
{"level":"info","message":"emitting get:/images/undefined.png"}
{"level":"info","message":"emitting get:index"}
{"level":"info","message":"emitting get:/images/undefined.png"}
{"level":"info","message":"emitting get:index"}
{"level":"info","message":"emitting get:/images/undefined.png"}
{"level":"info","message":"emitting get:index"}
{"level":"info","message":"emitting get:/images/undefined.png"}
{"level":"info","message":"Twittermap is listening on port 3000"}
{"level":"info","message":"emitting get:index"}
{"level":"info","message":"emitting get:index"}
{"level":"info","message":"emitting get:index"}
{"level":"info","message":"emitting get:index"}
{"level":"info","message":"Twittermap is listening on port 3000"}
{"level":"info","message":"Twittermap is listening on port 3000"}
{"level":"info","message":"emitting get:index"}
{"level":"info","message":"Twittermap is listening on port 3000"}
{"level":"info","message":"Twittermap is listening on port 3000"}
{"level":"info","message":"Twittermap is listening on port 3000"}
{"level":"info","message":"Twittermap is listening on port 3000"}
{"level":"info","message":"Twittermap is listening on port 3000"}
{"level":"info","message":"emitting get:index"}
{"level":"info","message":"Twittermap is listening on port 3000"}
{"level":"info","message":"emitting get:index"}
{"level":"info","message":"Twittermap is listening on port 3000"}
{"level":"info","message":"emitting get:index"}
{"level":"info","message":"Twittermap is listening on port 3000"}
{"level":"info","message":"Twittermap is listening on port 3000"}
{"level":"info","message":"Twittermap is listening on port 3000"}
{"level":"info","message":"emitting get:index"}
{"level":"info","message":"Twittermap is listening on port 3000"}
{"level":"info","message":"emitting get:index"}
{"level":"info","message":"Twittermap is listening on port 3000"}
{"level":"info","message":"Twittermap is listening on port 3000"}
{"level":"info","message":"Twittermap is listening on port 3000"}
{"level":"info","message":"Twittermap is listening on port 3000"}
{"level":"info","message":"Twittermap is listening on port 3000"}
{"level":"info","message":"emitting get:index"}
{"level":"info","message":"Twittermap is listening on port 3000"}
{"level":"info","message":"Twittermap is listening on port 3000"}
{"level":"info","message":"emitting get:index"}
{"level":"info","message":"emitting get:index"}
{"level":"info","message":"Twittermap is listening on port 3000"}
{"level":"info","message":"emitting get:index"}
{"level":"info","message":"Twittermap is listening on port 3000"}
{"level":"info","message":"emitting get:index"}
{"level":"info","message":"Twittermap is listening on port 3000"}
{"level":"info","message":"Twittermap is listening on port 3000"}
{"level":"info","message":"Twittermap is listening on port 3000"}
{"level":"info","message":"Twittermap is listening on port 3000"}
{"level":"info","message":"Twittermap is listening on port 3000"}
{"level":"info","message":"emitting get:index"}
{"level":"info","message":"emitting get:index"}
{"level":"info","message":"emitting get:index"}
{"level":"info","message":"Twittermap is listening on port 3000"}
{"level":"info","message":"emitting get:index"}
{"level":"info","message":"emitting get:/images/undefined.png"}
{"level":"info","message":"emitting get:index"}
{"level":"info","message":"emitting get:/images/undefined.png"}
{"level":"info","message":"Twittermap is listening on port 3000"}
{"level":"info","message":"emitting get:index"}
{"level":"info","message":"Twittermap is listening on port 3000"}
{"level":"info","message":"emitting get:index"}
{"level":"info","message":"emitting get:index"}
{"level":"info","message":"emitting get:index"}
{"level":"info","message":"emitting get:index"}
{"level":"info","message":"emitting get:index"}
{"level":"info","message":"emitting get:index"}
{"level":"info","message":"emitting get:index"}
{"level":"info","message":"emitting get:/undefined"}
{"level":"info","message":"emitting get:index"}
{"level":"info","message":"emitting get:/undefined"}
{"level":"info","message":"emitting get:index"}
{"level":"info","message":"emitting get:index"}
{"level":"info","message":"emitting get:index"}
{"level":"info","message":"emitting get:index"}
{"level":"info","message":"emitting get:index"}
{"level":"info","message":"emitting get:index"}
{"level":"info","message":"emitting get:index"}
{"level":"info","message":"Twittermap is listening on port 3000"}
{"level":"info","message":"emitting get:index"}
{"level":"info","message":"emitting get:/index.html"}
{"level":"info","message":"emitting get:/index.html"}
{"level":"info","message":"emitting get:index"}
{"level":"info","message":"Twittermap is listening on port 3000"}
{"level":"info","message":"emitting get:index"}
{"level":"info","message":"Twittermap is listening on port 3000"}
{"level":"info","message":"emitting get:index"}
{"level":"info","message":"Twittermap is listening on port 3000"}
{"level":"info","message":"emitting get:index"}
{"level":"info","message":"Twittermap is listening on port 3000"}
{"level":"info","message":"Twittermap is listening on port 3000"}
{"level":"info","message":"emitting get:index"}
{"level":"info","message":"emitting get:index"}
{"level":"info","message":"Twittermap is listening on port 3000"}
{"level":"info","message":"emitting get:index"}
{"level":"info","message":"Twittermap is listening on port 3000"}
{"level":"info","message":"emitting get:index"}
{"level":"info","message":"Twittermap is listening on port 3000"}
{"level":"info","message":"emitting get:index"}
{"level":"info","message":"Twittermap is listening on port 3000"}
{"level":"info","message":"Twittermap is listening on port 3000"}
{"level":"info","message":"Twittermap is listening on port 3000"}
{"level":"info","message":"Twittermap is listening on port 3000"}
{"level":"info","message":"emitting get:index"}
{"level":"info","message":"emitting get:index"}
{"level":"info","message":"emitting get:index"}
{"level":"info","message":"emitting get:index"}
{"level":"info","message":"emitting get:index"}
{"level":"info","message":"emitting get:index"}
{"level":"info","message":"Twittermap is listening on port 3000"}
{"level":"info","message":"emitting get:index"}
{"level":"info","message":"emitting get:index"}
{"level":"info","message":"Twittermap is listening on port 3000"}
{"level":"info","message":"emitting get:index"}
{"level":"info","message":"Twittermap is listening on port 3000"}
{"level":"info","message":"Twittermap is listening on port 3000"}
{"level":"info","message":"emitting get:index"}
{"level":"info","message":"Twittermap is listening on port 3000"}
{"level":"info","message":"emitting get:index"}
{"level":"info","message":"Twittermap is listening on port 3000"}
{"level":"info","message":"emitting get:index"}
{"level":"info","message":"Twittermap is listening on port 3000"}
{"level":"info","message":"emitting get:index"}
{"level":"info","message":"emitting get:index"}
{"level":"info","message":"Twittermap is listening on port 3000"}
{"level":"info","message":"emitting get:index"}
{"level":"info","message":"Twittermap is listening on port 3000"}
{"level":"info","message":"emitting get:index"}
{"level":"info","message":"Twittermap is listening on port 3000"}
{"level":"info","message":"Twittermap is listening on port 3000"}
{"level":"info","message":"emitting get:index"}
{"level":"info","message":"emitting get:index"}
{"level":"info","message":"Twittermap is listening on port 3000"}
{"level":"info","message":"emitting get:index"}
{"level":"info","message":"Twittermap is listening on port 3000"}
{"level":"info","message":"emitting get:index"}
{"level":"info","message":"emitting get:index"}
{"level":"info","message":"emitting get:index"}
{"level":"info","message":"emitting get:index"}
{"level":"info","message":"Twittermap is listening on port 3000"}
{"level":"info","message":"Twittermap is listening on port 3000"}
{"level":"info","message":"emitting get:index"}
{"level":"info","message":"Twittermap is listening on port 3000"}
{"level":"info","message":"emitting get:index"}
{"level":"info","message":"Twittermap is listening on port 3000"}
{"level":"info","message":"emitting get:index"}
{"level":"info","message":"Twittermap is listening on port 3000"}
{"level":"info","message":"emitting get:index"}
{"level":"info","message":"emitting get:index"}
{"level":"info","message":"emitting get:index"}
{"level":"info","message":"emitting get:index"}
{"level":"info","message":"Twittermap is listening on port 3000"}
{"level":"info","message":"emitting get:index"}
{"level":"info","message":"Twittermap is listening on port 3000"}
{"level":"info","message":"emitting get:index"}
{"level":"info","message":"emitting get:index"}
{"level":"info","message":"Twittermap is listening on port 3000"}
{"level":"info","message":"emitting get:index"}
{"level":"info","message":"Twittermap is listening on port 3000"}
{"level":"info","message":"emitting get:index"}
{"level":"info","message":"emitting get:index"}
{"level":"info","message":"emitting get:index"}
{"level":"info","message":"emitting get:index"}
{"level":"info","message":"Twittermap is listening on port 3000"}
{"level":"info","message":"emitting get:index"}
{"level":"info","message":"emitting get:index"}
{"level":"info","message":"Twittermap is listening on port 3000"}
{"level":"info","message":"emitting get:index"}
{"level":"info","message":"Twittermap is listening on port 3000"}
{"level":"info","message":"emitting get:index"}
{"level":"info","message":"Twittermap is listening on port 3000"}
{"level":"info","message":"emitting get:index"}
{"level":"info","message":"Twittermap is listening on port 3000"}
{"level":"info","message":"emitting get:index"}
{"level":"info","message":"Twittermap is listening on port 3000"}
{"level":"info","message":"emitting get:index"}
{"level":"info","message":"emitting get:index"}
{"level":"info","message":"Twittermap is listening on port 3000"}
{"level":"info","message":"Twittermap is listening on port 3000"}
{"level":"info","message":"emitting get:index"}
{"level":"info","message":"Twittermap is listening on port 3000"}
{"level":"info","message":"emitting get:index"}
{"level":"info","message":"Twittermap is listening on port 3000"}
{"level":"info","message":"Twittermap is listening on port 3000"}
{"level":"info","message":"Twittermap is listening on port 3000"}
{"level":"info","message":"Twittermap is listening on port 3000"}
{"level":"info","message":"Twittermap is listening on port 3000"}
{"level":"info","message":"Twittermap is listening on port 3000"}
{"level":"info","message":"Twittermap is listening on port 3000"}
{"level":"info","message":"Twittermap is listening on port 3000"}
{"level":"info","message":"emitting get:index"}
{"level":"info","message":"emitting get:index"}
{"level":"info","message":"Twittermap is listening on port 3000"}
{"level":"info","message":"emitting get:index"}
{"level":"info","message":"emitting get:index"}
{"level":"info","message":"Twittermap is listening on port 3000"}
{"level":"info","message":"emitting get:/images/[object%20Object].png"}
{"level":"info","message":"emitting get:index"}
{"level":"info","message":"emitting get:/images/[object%20Object].png"}
{"level":"info","message":"emitting get:index"}
{"level":"info","message":"emitting get:/images/[object%20Object].png"}
{"level":"info","message":"emitting get:/images/[object%20Object].png"}
{"level":"info","message":"emitting get:/images/[object%20Object].png"}
{"level":"info","message":"emitting get:/images/[object%20Object].png"}
{"level":"info","message":"emitting get:index"}
{"level":"info","message":"emitting get:index"}
{"level":"info","message":"Twittermap is listening on port 3000"}
{"level":"info","message":"emitting get:index"}
{"level":"info","message":"emitting get:index"}
{"level":"info","message":"Twittermap is listening on port 3000"}
{"level":"info","message":"Twittermap is listening on port 3000"}
{"level":"info","message":"Twittermap is listening on port 3000"}
{"level":"info","message":"emitting get:index"}
{"level":"info","message":"Twittermap is listening on port 3000"}
{"level":"info","message":"emitting get:index"}
{"level":"info","message":"emitting get:index"}
{"level":"info","message":"emitting get:index"}
{"level":"info","message":"emitting get:index"}
{"level":"info","message":"emitting get:index"}
{"level":"info","message":"emitting get:index"}
{"level":"info","message":"emitting get:index"}
{"level":"info","message":"emitting get:index"}
{"level":"info","message":"emitting get:index"}
{"level":"info","message":"emitting get:index"}
{"level":"info","message":"emitting get:index"}
{"level":"info","message":"emitting get:index"}
{"level":"info","message":"emitting get:index"}
{"level":"info","message":"emitting get:index"}
{"level":"info","message":"emitting get:index"}
{"level":"info","message":"Twittermap is listening on port 3000"}
{"level":"info","message":"Twittermap is listening on port 3000"}
{"level":"info","message":"emitting get:index"}
{"level":"info","message":"Twittermap is listening on port 3000"}
{"level":"info","message":"emitting get:index"}
{"level":"info","message":"emitting get:index"}
{"level":"info","message":"Twittermap is listening on port 3000"}
{"level":"info","message":"emitting get:index"}
{"level":"info","message":"emitting get:index"}
{"level":"info","message":"emitting get:index"}
{"level":"info","message":"Twittermap is listening on port 3000"}
{"level":"info","message":"emitting get:index"}
{"level":"info","message":"emitting get:index"}
{"level":"info","message":"emitting get:index"}
{"level":"info","message":"emitting get:index"}
{"level":"info","message":"Twittermap is listening on port 3000"}
{"level":"info","message":"emitting get:index"}
{"level":"info","message":"Twittermap is listening on port 3000"}
{"level":"info","message":"Twittermap is listening on port 3000"}
{"level":"info","message":"emitting get:index"}
{"level":"info","message":"emitting get:index"}
{"level":"info","message":"emitting get:index"}
{"level":"info","message":"emitting get:index"}
{"level":"info","message":"emitting get:index"}
{"level":"info","message":"emitting get:index"}
{"level":"info","message":"emitting get:index"}
{"level":"info","message":"emitting get:index"}
{"level":"info","message":"emitting get:index"}
{"level":"info","message":"emitting get:index"}
